<?xml version="1.0" encoding="UTF-8"?>
<testng-results skipped="0" failed="0" total="1" passed="1">
  <reporter-output>
  </reporter-output>
  <suite name="Suite" duration-ms="12832" started-at="2019-11-29T19:05:27Z" finished-at="2019-11-29T19:05:40Z">
    <groups>
    </groups>
    <test name="Test" duration-ms="12832" started-at="2019-11-29T19:05:27Z" finished-at="2019-11-29T19:05:40Z">
      <class name="com.zoopla.qa.testcases.HomePageTest">
        <test-method status="PASS" signature="setup()[pri:0, instance:com.zoopla.qa.testcases.HomePageTest@1bce4f0a]" name="setup" is-config="true" duration-ms="5848" started-at="2019-11-30T00:35:21Z" finished-at="2019-11-30T00:35:27Z">
          <reporter-output>
          </reporter-output>
        </test-method> <!-- setup -->
        <test-method status="PASS" signature="instantiatePage()[pri:0, instance:com.zoopla.qa.testcases.HomePageTest@1bce4f0a]" name="instantiatePage" is-config="true" duration-ms="26" started-at="2019-11-30T00:35:27Z" finished-at="2019-11-30T00:35:27Z">
          <reporter-output>
          </reporter-output>
        </test-method> <!-- instantiatePage -->
        <test-method status="PASS" signature="validateLogin()[pri:0, instance:com.zoopla.qa.testcases.HomePageTest@1bce4f0a]" name="validateLogin" duration-ms="12790" started-at="2019-11-30T00:35:27Z" finished-at="2019-11-30T00:35:40Z">
          <reporter-output>
          </reporter-output>
        </test-method> <!-- validateLogin -->
      </class> <!-- com.zoopla.qa.testcases.HomePageTest -->
    </test> <!-- Test -->
  </suite> <!-- Suite -->
</testng-results>
